[debug] [2019-02-06T11:22:45.354Z] ----------------------------------------------------------------------
[debug] [2019-02-06T11:22:45.357Z] Command:       /Users/ashishmediratta/.nvm/versions/node/v10.9.0/bin/node /Users/ashishmediratta/.nvm/versions/node/v10.9.0/bin/firebase deploy
[debug] [2019-02-06T11:22:45.358Z] CLI Version:   6.3.0
[debug] [2019-02-06T11:22:45.358Z] Platform:      darwin
[debug] [2019-02-06T11:22:45.358Z] Node Version:  v10.9.0
[debug] [2019-02-06T11:22:45.359Z] Time:          Wed Feb 06 2019 16:52:45 GMT+0530 (India Standard Time)
[debug] [2019-02-06T11:22:45.359Z] ----------------------------------------------------------------------
[debug] 
[debug] [2019-02-06T11:22:45.371Z] > command requires scopes: ["email","openid","https://www.googleapis.com/auth/cloudplatformprojects.readonly","https://www.googleapis.com/auth/firebase","https://www.googleapis.com/auth/cloud-platform"]
[debug] [2019-02-06T11:22:45.371Z] > authorizing via signed-in user
[debug] [2019-02-06T11:22:45.371Z] [iam] checking project deploynow for permissions ["firebase.projects.get","firebasehosting.sites.update"]
[debug] [2019-02-06T11:22:45.374Z] >>> HTTP REQUEST POST https://cloudresourcemanager.googleapis.com/v1/projects/deploynow:testIamPermissions  

[debug] [2019-02-06T11:22:47.310Z] <<< HTTP RESPONSE 200
[debug] [2019-02-06T11:22:47.313Z] >>> HTTP REQUEST GET https://firebase.googleapis.com/v1beta1/projects/deploynow  
 
[debug] [2019-02-06T11:22:48.126Z] <<< HTTP RESPONSE 200
[info] 
[info] === Deploying to 'deploynow'...
[info] 
[info] i  deploying hosting
[debug] [2019-02-06T11:22:48.131Z] >>> HTTP REQUEST POST https://firebasehosting.googleapis.com/v1beta1/sites/deploynow/versions  

[debug] [2019-02-06T11:22:50.493Z] <<< HTTP RESPONSE 500
[debug] [2019-02-06T11:22:50.493Z] <<< HTTP RESPONSE BODY
[error] 
[error] Error: HTTP Error: 500, Internal error encountered.
[debug] [2019-02-06T11:22:50.497Z] Error Context: {
  "body": {
    "error": {
      "code": 500,
      "message": "Internal error encountered.",
      "status": "INTERNAL"
    }
  },
  "response": {
    "statusCode": 500,
    "body": {
      "error": {
        "code": 500,
        "message": "Internal error encountered.",
        "status": "INTERNAL"
      }
    },
    "headers": {
      "vary": "X-Origin, Referer, Origin,Accept-Encoding",
      "content-type": "application/json; charset=UTF-8",
      "date": "Wed, 06 Feb 2019 11:22:50 GMT",
      "server": "ESF",
      "cache-control": "private",
      "x-xss-protection": "1; mode=block",
      "x-frame-options": "SAMEORIGIN",
      "x-content-type-options": "nosniff",
      "alt-svc": "quic=\":443\"; ma=2592000; v=\"44,43,39\"",
      "accept-ranges": "none",
      "transfer-encoding": "chunked"
    },
    "request": {
      "uri": {
        "protocol": "https:",
        "slashes": true,
        "auth": null,
        "host": "firebasehosting.googleapis.com",
        "port": 443,
        "hostname": "firebasehosting.googleapis.com",
        "hash": null,
        "search": null,
        "query": null,
        "pathname": "/v1beta1/sites/deploynow/versions",
        "path": "/v1beta1/sites/deploynow/versions",
        "href": "https://firebasehosting.googleapis.com/v1beta1/sites/deploynow/versions"
      },
      "method": "POST"
    }
  }
}
